<?xml version="1.0" encoding="UTF-8"?>
<!-- Generated by org.testng.reporters.JUnitXMLReporter -->
<testsuite ignored="0" hostname="SaiBhaskar-PC" failures="0" tests="3" name="chrome" time="86.194" errors="0" timestamp="05 Jan 2021 15:03:42 GMT">
  <testcase classname="com.nopCommerce.testCases.TC_AddCustomerTest_003" name="addNewCustomer" time="29.233"/>
  <testcase classname="com.nopCommerce.testCases.TC_SearchCustomerByEmail_004" name="searchCustomerbyEmail" time="16.979"/>
  <testcase classname="com.nopCommerce.testCases.TC_SearchCustomerByName_005" name="searchCustomerbyName" time="18.474"/>
</testsuite> <!-- chrome -->
