<?xml version="1.0" encoding="UTF-8"?>
<!-- Generated by org.testng.reporters.JUnitXMLReporter -->
<testsuite ignored="0" hostname="SaiBhaskar-PC" failures="1" tests="1" name="firefox" time="26.808" errors="0" timestamp="04 Jan 2021 14:28:32 GMT">
  <testcase classname="com.nopCommerce.testCases.TC_LoginTest_001" name="loginTest" time="17.276">
    <failure type="java.lang.NullPointerException">
      <![CDATA[java.lang.NullPointerException
at java.base/java.io.File.<init>(File.java:279)
at com.nopCommerce.testBase.BaseClass.captureScreenshot(BaseClass.java:80)
at com.nopCommerce.testCases.TC_LoginTest_001.loginTest(TC_LoginTest_001.java:24)
at java.base/java.util.concurrent.FutureTask.run(FutureTask.java:264)
at java.base/java.util.concurrent.ThreadPoolExecutor.runWorker(ThreadPoolExecutor.java:1130)
at java.base/java.util.concurrent.ThreadPoolExecutor$Worker.run(ThreadPoolExecutor.java:630)
at java.base/java.lang.Thread.run(Thread.java:832)
... Removed 16 stack frames]]>
    </failure>
  </testcase> <!-- loginTest -->
</testsuite> <!-- firefox -->
