<?xml version="1.0" encoding="UTF-8"?>
<testng-results skipped="0" failed="0" ignored="0" total="2" passed="2">
  <reporter-output>
  </reporter-output>
  <suite name="nopCommerce" duration-ms="31336" started-at="2021-01-06T11:00:16Z" finished-at="2021-01-06T11:00:47Z">
    <groups>
    </groups>
    <test name="TC_SearchCustomerByName_005" duration-ms="29283" started-at="2021-01-06T11:00:16Z" finished-at="2021-01-06T11:00:45Z">
      <class name="com.nopCommerce.testCases.TC_SearchCustomerByName_005">
        <test-method status="PASS" signature="setUp(java.lang.String)[pri:0, instance:com.nopCommerce.testCases.TC_SearchCustomerByName_005@385c9627]" name="setUp" is-config="true" duration-ms="8278" started-at="2021-01-06T11:00:16Z" finished-at="2021-01-06T11:00:24Z">
          <params>
            <param index="0">
              <value>
                <![CDATA[chrome]]>
              </value>
            </param>
          </params>
          <reporter-output>
          </reporter-output>
        </test-method> <!-- setUp -->
        <test-method status="PASS" signature="searchCustomerbyName()[pri:0, instance:com.nopCommerce.testCases.TC_SearchCustomerByName_005@385c9627]" name="searchCustomerbyName" duration-ms="19702" started-at="2021-01-06T11:00:24Z" finished-at="2021-01-06T11:00:44Z">
          <reporter-output>
          </reporter-output>
        </test-method> <!-- searchCustomerbyName -->
        <test-method status="PASS" signature="tearDown()[pri:0, instance:com.nopCommerce.testCases.TC_SearchCustomerByName_005@385c9627]" name="tearDown" is-config="true" duration-ms="1260" started-at="2021-01-06T11:00:44Z" finished-at="2021-01-06T11:00:45Z">
          <reporter-output>
          </reporter-output>
        </test-method> <!-- tearDown -->
      </class> <!-- com.nopCommerce.testCases.TC_SearchCustomerByName_005 -->
    </test> <!-- TC_SearchCustomerByName_005 -->
    <test name="TC_SearchCustomerByEmail_004" duration-ms="31336" started-at="2021-01-06T11:00:16Z" finished-at="2021-01-06T11:00:47Z">
      <class name="com.nopCommerce.testCases.TC_SearchCustomerByEmail_004">
        <test-method status="PASS" signature="setUp(java.lang.String)[pri:0, instance:com.nopCommerce.testCases.TC_SearchCustomerByEmail_004@292b08d6]" name="setUp" is-config="true" duration-ms="8827" started-at="2021-01-06T11:00:16Z" finished-at="2021-01-06T11:00:25Z">
          <params>
            <param index="0">
              <value>
                <![CDATA[chrome]]>
              </value>
            </param>
          </params>
          <reporter-output>
          </reporter-output>
        </test-method> <!-- setUp -->
        <test-method status="PASS" signature="searchCustomerbyEmail()[pri:0, instance:com.nopCommerce.testCases.TC_SearchCustomerByEmail_004@292b08d6]" name="searchCustomerbyEmail" duration-ms="20947" started-at="2021-01-06T11:00:25Z" finished-at="2021-01-06T11:00:45Z">
          <reporter-output>
          </reporter-output>
        </test-method> <!-- searchCustomerbyEmail -->
        <test-method status="PASS" signature="tearDown()[pri:0, instance:com.nopCommerce.testCases.TC_SearchCustomerByEmail_004@292b08d6]" name="tearDown" is-config="true" duration-ms="1353" started-at="2021-01-06T11:00:46Z" finished-at="2021-01-06T11:00:47Z">
          <reporter-output>
          </reporter-output>
        </test-method> <!-- tearDown -->
      </class> <!-- com.nopCommerce.testCases.TC_SearchCustomerByEmail_004 -->
    </test> <!-- TC_SearchCustomerByEmail_004 -->
  </suite> <!-- nopCommerce -->
</testng-results>
