<?xml version="1.0" encoding="UTF-8"?>
<testng-results ignored="0" total="4" passed="3" failed="1" skipped="0">
  <reporter-output>
  </reporter-output>
  <suite started-at="2021-01-06T10:14:59Z" name="nopCommerce" finished-at="2021-01-06T10:16:01Z" duration-ms="61893">
    <groups>
    </groups>
    <test started-at="2021-01-06T10:14:59Z" name="TC_LoginTest_001" finished-at="2021-01-06T10:15:43Z" duration-ms="44176">
      <class name="com.nopCommerce.testCases.TC_LoginTest_001">
        <test-method is-config="true" signature="setUp(java.lang.String)[pri:0, instance:com.nopCommerce.testCases.TC_LoginTest_001@549949be]" started-at="2021-01-06T10:14:59Z" name="setUp" finished-at="2021-01-06T10:15:08Z" duration-ms="9408" status="PASS">
          <params>
            <param index="0">
              <value>
                <![CDATA[chrome]]>
              </value>
            </param>
          </params>
          <reporter-output>
          </reporter-output>
        </test-method> <!-- setUp -->
        <test-method signature="loginTest()[pri:0, instance:com.nopCommerce.testCases.TC_LoginTest_001@549949be]" started-at="2021-01-06T10:15:08Z" name="loginTest" finished-at="2021-01-06T10:15:39Z" duration-ms="31341" status="FAIL">
          <exception class="java.lang.NullPointerException">
            <full-stacktrace>
              <![CDATA[java.lang.NullPointerException
at java.base/java.io.File.<init>(File.java:279)
at com.nopCommerce.testBase.BaseClass.captureScreenshot(BaseClass.java:81)
at com.nopCommerce.testCases.TC_LoginTest_001.loginTest(TC_LoginTest_001.java:24)
at java.base/jdk.internal.reflect.NativeMethodAccessorImpl.invoke0(Native Method)
at java.base/jdk.internal.reflect.NativeMethodAccessorImpl.invoke(NativeMethodAccessorImpl.java:62)
at java.base/jdk.internal.reflect.DelegatingMethodAccessorImpl.invoke(DelegatingMethodAccessorImpl.java:43)
at java.base/java.lang.reflect.Method.invoke(Method.java:564)
at org.testng.internal.MethodInvocationHelper.invokeMethod(MethodInvocationHelper.java:124)
at org.testng.internal.Invoker.invokeMethod(Invoker.java:583)
at org.testng.internal.Invoker.invokeTestMethod(Invoker.java:719)
at org.testng.internal.Invoker.invokeTestMethods(Invoker.java:989)
at org.testng.internal.TestMethodWorker.invokeTestMethods(TestMethodWorker.java:125)
at org.testng.internal.TestMethodWorker.run(TestMethodWorker.java:109)
at org.testng.TestRunner.privateRun(TestRunner.java:648)
at org.testng.TestRunner.run(TestRunner.java:505)
at org.testng.SuiteRunner.runTest(SuiteRunner.java:455)
at org.testng.SuiteRunner.access$000(SuiteRunner.java:40)
at org.testng.SuiteRunner$SuiteWorker.run(SuiteRunner.java:489)
at org.testng.internal.thread.ThreadUtil$1.call(ThreadUtil.java:52)
at java.base/java.util.concurrent.FutureTask.run(FutureTask.java:264)
at java.base/java.util.concurrent.ThreadPoolExecutor.runWorker(ThreadPoolExecutor.java:1130)
at java.base/java.util.concurrent.ThreadPoolExecutor$Worker.run(ThreadPoolExecutor.java:630)
at java.base/java.lang.Thread.run(Thread.java:832)
]]>
            </full-stacktrace>
          </exception> <!-- java.lang.NullPointerException -->
          <reporter-output>
          </reporter-output>
        </test-method> <!-- loginTest -->
        <test-method is-config="true" signature="tearDown()[pri:0, instance:com.nopCommerce.testCases.TC_LoginTest_001@549949be]" started-at="2021-01-06T10:15:39Z" name="tearDown" finished-at="2021-01-06T10:15:43Z" duration-ms="3366" status="PASS">
          <reporter-output>
          </reporter-output>
        </test-method> <!-- tearDown -->
      </class> <!-- com.nopCommerce.testCases.TC_LoginTest_001 -->
    </test> <!-- TC_LoginTest_001 -->
    <test started-at="2021-01-06T10:14:59Z" name="TC_SearchCustomerByName_005" finished-at="2021-01-06T10:15:47Z" duration-ms="47933">
      <class name="com.nopCommerce.testCases.TC_SearchCustomerByName_005">
        <test-method is-config="true" signature="setUp(java.lang.String)[pri:0, instance:com.nopCommerce.testCases.TC_SearchCustomerByName_005@5dd91bca]" started-at="2021-01-06T10:14:59Z" name="setUp" finished-at="2021-01-06T10:15:09Z" duration-ms="10121" status="PASS">
          <params>
            <param index="0">
              <value>
                <![CDATA[chrome]]>
              </value>
            </param>
          </params>
          <reporter-output>
          </reporter-output>
        </test-method> <!-- setUp -->
        <test-method signature="searchCustomerbyName()[pri:0, instance:com.nopCommerce.testCases.TC_SearchCustomerByName_005@5dd91bca]" started-at="2021-01-06T10:15:09Z" name="searchCustomerbyName" finished-at="2021-01-06T10:15:43Z" duration-ms="34043" status="PASS">
          <reporter-output>
          </reporter-output>
        </test-method> <!-- searchCustomerbyName -->
        <test-method is-config="true" signature="tearDown()[pri:0, instance:com.nopCommerce.testCases.TC_SearchCustomerByName_005@5dd91bca]" started-at="2021-01-06T10:15:43Z" name="tearDown" finished-at="2021-01-06T10:15:47Z" duration-ms="3731" status="PASS">
          <reporter-output>
          </reporter-output>
        </test-method> <!-- tearDown -->
      </class> <!-- com.nopCommerce.testCases.TC_SearchCustomerByName_005 -->
    </test> <!-- TC_SearchCustomerByName_005 -->
    <test started-at="2021-01-06T10:14:59Z" name="TC_SearchCustomerByEmail_004" finished-at="2021-01-06T10:15:48Z" duration-ms="49451">
      <class name="com.nopCommerce.testCases.TC_SearchCustomerByEmail_004">
        <test-method is-config="true" signature="setUp(java.lang.String)[pri:0, instance:com.nopCommerce.testCases.TC_SearchCustomerByEmail_004@25b2cfcb]" started-at="2021-01-06T10:14:59Z" name="setUp" finished-at="2021-01-06T10:15:07Z" duration-ms="8564" status="PASS">
          <params>
            <param index="0">
              <value>
                <![CDATA[chrome]]>
              </value>
            </param>
          </params>
          <reporter-output>
          </reporter-output>
        </test-method> <!-- setUp -->
        <test-method signature="searchCustomerbyEmail()[pri:0, instance:com.nopCommerce.testCases.TC_SearchCustomerByEmail_004@25b2cfcb]" started-at="2021-01-06T10:15:07Z" name="searchCustomerbyEmail" finished-at="2021-01-06T10:15:43Z" duration-ms="35927" status="PASS">
          <reporter-output>
          </reporter-output>
        </test-method> <!-- searchCustomerbyEmail -->
        <test-method is-config="true" signature="tearDown()[pri:0, instance:com.nopCommerce.testCases.TC_SearchCustomerByEmail_004@25b2cfcb]" started-at="2021-01-06T10:15:44Z" name="tearDown" finished-at="2021-01-06T10:15:48Z" duration-ms="4382" status="PASS">
          <reporter-output>
          </reporter-output>
        </test-method> <!-- tearDown -->
      </class> <!-- com.nopCommerce.testCases.TC_SearchCustomerByEmail_004 -->
    </test> <!-- TC_SearchCustomerByEmail_004 -->
    <test started-at="2021-01-06T10:14:59Z" name="TC_AddCustomerTest_003" finished-at="2021-01-06T10:16:01Z" duration-ms="61893">
      <class name="com.nopCommerce.testCases.TC_AddCustomerTest_003">
        <test-method is-config="true" signature="setUp(java.lang.String)[pri:0, instance:com.nopCommerce.testCases.TC_AddCustomerTest_003@62e6b5c8]" started-at="2021-01-06T10:14:59Z" name="setUp" finished-at="2021-01-06T10:15:08Z" duration-ms="9485" status="PASS">
          <params>
            <param index="0">
              <value>
                <![CDATA[chrome]]>
              </value>
            </param>
          </params>
          <reporter-output>
          </reporter-output>
        </test-method> <!-- setUp -->
        <test-method signature="addNewCustomer()[pri:0, instance:com.nopCommerce.testCases.TC_AddCustomerTest_003@62e6b5c8]" started-at="2021-01-06T10:15:08Z" name="addNewCustomer" finished-at="2021-01-06T10:16:00Z" duration-ms="51609" status="PASS">
          <reporter-output>
          </reporter-output>
        </test-method> <!-- addNewCustomer -->
        <test-method is-config="true" signature="tearDown()[pri:0, instance:com.nopCommerce.testCases.TC_AddCustomerTest_003@62e6b5c8]" started-at="2021-01-06T10:16:00Z" name="tearDown" finished-at="2021-01-06T10:16:01Z" duration-ms="777" status="PASS">
          <reporter-output>
          </reporter-output>
        </test-method> <!-- tearDown -->
      </class> <!-- com.nopCommerce.testCases.TC_AddCustomerTest_003 -->
    </test> <!-- TC_AddCustomerTest_003 -->
  </suite> <!-- nopCommerce -->
</testng-results>
